<?xml version="1.0" encoding="UTF-8"?>
<testng-results ignored="0" total="1" passed="1" failed="0" skipped="0">
  <reporter-output>
  </reporter-output>
  <suite started-at="2022-10-26T13:30:46 IST" name="Default suite" finished-at="2022-10-26T13:31:43 IST" duration-ms="56625">
    <groups>
    </groups>
    <test started-at="2022-10-26T13:30:46 IST" name="Default test" finished-at="2022-10-26T13:31:43 IST" duration-ms="56625">
      <class name="sdet.test.CompaniesTest">
        <test-method is-config="true" signature="setup()[pri:0, instance:sdet.test.CompaniesTest@1af2d44a]" started-at="2022-10-26T13:30:46 IST" name="setup" finished-at="2022-10-26T13:31:40 IST" duration-ms="53613" status="PASS">
          <reporter-output>
          </reporter-output>
        </test-method> <!-- setup -->
        <test-method signature="validatecompanypage()[pri:0, instance:sdet.test.CompaniesTest@1af2d44a]" started-at="2022-10-26T13:31:40 IST" name="validatecompanypage" finished-at="2022-10-26T13:31:42 IST" duration-ms="2273" status="PASS">
          <reporter-output>
          </reporter-output>
        </test-method> <!-- validatecompanypage -->
        <test-method is-config="true" signature="closeResources()[pri:0, instance:sdet.test.CompaniesTest@1af2d44a]" started-at="2022-10-26T13:31:42 IST" name="closeResources" finished-at="2022-10-26T13:31:43 IST" duration-ms="671" status="PASS">
          <reporter-output>
          </reporter-output>
        </test-method> <!-- closeResources -->
      </class> <!-- sdet.test.CompaniesTest -->
    </test> <!-- Default test -->
  </suite> <!-- Default suite -->
</testng-results>
